* Starting client
* Connecting to master process on port 10793
* Analyzing classpath: 
  - C:\Users\Spiriq\IdeaProjects\VKGroupManager\target\classes
  - C:\Users\Spiriq\.m2\repository\org\apache\httpcomponents\httpclient\4.5.3\httpclient-4.5.3.jar
  - C:\Users\Spiriq\.m2\repository\org\apache\httpcomponents\httpcore\4.4.6\httpcore-4.4.6.jar
  - C:\Users\Spiriq\.m2\repository\commons-logging\commons-logging\1.2\commons-logging-1.2.jar
  - C:\Users\Spiriq\.m2\repository\commons-codec\commons-codec\1.9\commons-codec-1.9.jar
  - C:\Users\Spiriq\.m2\repository\com\alibaba\fastjson\1.2.31\fastjson-1.2.31.jar
  - C:\Users\Spiriq\.m2\repository\org\xerial\sqlite-jdbc\3.16.1\sqlite-jdbc-3.16.1.jar
  - C:\Users\Spiriq\.m2\repository\commons-cli\commons-cli\1.2\commons-cli-1.2.jar
  - C:\Users\Spiriq\.m2\repository\org\junit\jupiter\junit-jupiter-api\5.0.0-M4\junit-jupiter-api-5.0.0-M4.jar
  - C:\Users\Spiriq\.m2\repository\org\opentest4j\opentest4j\1.0.0-M2\opentest4j-1.0.0-M2.jar
  - C:\Users\Spiriq\.m2\repository\org\junit\platform\junit-platform-commons\1.0.0-M4\junit-platform-commons-1.0.0-M4.jar
  - C:\Users\Spiriq\.m2\repository\junit\junit\4.12\junit-4.12.jar
  - C:\Users\Spiriq\.m2\repository\org\hamcrest\hamcrest-core\1.3\hamcrest-core-1.3.jar
* Finished analyzing classpath
* Generating tests for class club.mytree.VkClient
* Test criteria:
  - Line Coverage
  - Branch Coverage
  - Exception
  - Mutation testing (weak)
  - Method-Output Coverage
  - Top-Level Method Coverage
  - No-Exception Top-Level Method Coverage
  - Context Branch Coverage
* Setting up search algorithm for whole suite generation
[MASTER] 21:26:20.715 [pool-2-thread-1] WARN  TestSuiteSerialization - Cannot load tests because file does not exist: C:\Users\Spiriq\IdeaProjects\VKGroupManager\.evosuite\evosuite-seeds\club.mytree.VkClient.seed
* Loaded 0 tests from C:\Users\Spiriq\IdeaProjects\VKGroupManager\.evosuite\evosuite-seeds\club.mytree.VkClient.seed
* Total number of test goals: 
  - Line 68
  - Branch 19
  - Exception 0
  - MutationFactory 66
  - Output 15
  - Method 5
  - MethodNoException 5
  - CBranchFitnessFactory 19
* Using seed 1495563968534
* Starting evolution
* Search finished after 140s and 381 generations, 8519 statements, best individual has fitness: 179.08360655737704
* Writing sequences to pool
* Minimizing test suite
* Going to analyze the coverage criteria
* Coverage analysis for criterion LINE
* Coverage of criterion LINE: 12%
* Total number of goals: 68
* Number of covered goals: 8
* Coverage analysis for criterion BRANCH
* Coverage of criterion BRANCH: 5%
* Total number of goals: 19
* Number of covered goals: 1
* Coverage analysis for criterion EXCEPTION
* Coverage of criterion EXCEPTION: 100%
* Total number of goals: 9
* Number of covered goals: 9
* Coverage analysis for criterion WEAKMUTATION
* Coverage of criterion WEAKMUTATION: 5%
* Total number of goals: 66
* Number of covered goals: 3
* Coverage analysis for criterion OUTPUT
* Coverage of criterion OUTPUT: 0%
* Total number of goals: 15
* Number of covered goals: 0
* Coverage analysis for criterion METHOD
* Coverage of criterion METHOD: 60%
* Total number of goals: 5
* Number of covered goals: 3
* Coverage analysis for criterion METHODNOEXCEPTION
* Coverage of criterion METHODNOEXCEPTION: 0%
* Total number of goals: 5
* Number of covered goals: 0
* Coverage analysis for criterion CBRANCH
* Coverage of criterion CBRANCH: 5%
* Total number of goals: 19
* Number of covered goals: 1
* Generated 9 tests with total length 9
* Resulting test suite's coverage: 18% (average coverage for all fitness functions)
* Generating assertions
* Resulting test suite's mutation score: 0%
* Compiling and checking tests
* Writing JUnit test case 'VkClient_ESTest' to C:\Users\Spiriq\IdeaProjects\VKGroupManager\.evosuite\tmp_2017_05_23_21_26_04\tests
* Done!

